#-----------------------------------------------------------
# Vivado v2020.1 (64-bit)
# SW Build 2902540 on Wed May 27 19:54:49 MDT 2020
# IP Build 2902112 on Wed May 27 22:43:36 MDT 2020
# Start of session at: Sun Dec  6 18:02:31 2020
# Process ID: 30124
# Current directory: C:/Users/John/Documents/GitHub/Simon
# Command line: vivado.exe -gui_launcher_event rodinguilauncherevent33524 C:\Users\John\Documents\GitHub\Simon\Simon.xpr
# Log file: C:/Users/John/Documents/GitHub/Simon/vivado.log
# Journal file: C:/Users/John/Documents/GitHub/Simon\vivado.jou
#-----------------------------------------------------------
start_gui
open_project C:/Users/John/Documents/GitHub/Simon/Simon.xpr
INFO: [Project 1-313] Project file moved from 'C:/Users/John/Desktop/ECE Resources/2029/Simon/Simon' since last save.
Scanning sources...
Finished scanning sources
INFO: [IP_Flow 19-234] Refreshing IP repositories
INFO: [IP_Flow 19-1704] No user IP repositories specified
INFO: [IP_Flow 19-2313] Loaded Vivado IP repository 'C:/Xilinx/Vivado/2020.1/data/ip'.
open_project: Time (s): cpu = 00:00:14 ; elapsed = 00:00:09 . Memory (MB): peak = 1023.602 ; gain = 0.000
update_compile_order -fileset sources_1
open_hw_manager
connect_hw_server -allow_non_jtag
INFO: [Labtools 27-2285] Connecting to hw_server url TCP:localhost:3121
INFO: [Labtools 27-3415] Connecting to cs_server url TCP:localhost:3042
INFO: [Labtools 27-3414] Connected to existing cs_server.
open_hw_target
INFO: [Labtoolstcl 44-466] Opening hw_target localhost:3121/xilinx_tcf/Digilent/210183A37DB0A
set_property PROGRAM.FILE {C:/Users/John/Documents/GitHub/Simon/Simon.runs/impl_1/bcdDisplay4.bit} [get_hw_devices xc7a35t_0]
current_hw_device [get_hw_devices xc7a35t_0]
refresh_hw_device -update_hw_probes false [lindex [get_hw_devices xc7a35t_0] 0]
INFO: [Labtools 27-1435] Device xc7a35t (JTAG device index = 0) is not programmed (DONE status = 0).
set_property PROBES.FILE {} [get_hw_devices xc7a35t_0]
set_property FULL_PROBES.FILE {} [get_hw_devices xc7a35t_0]
set_property PROGRAM.FILE {C:/Users/John/Documents/GitHub/Simon/Simon.runs/impl_1/bcdDisplay4.bit} [get_hw_devices xc7a35t_0]
program_hw_devices [get_hw_devices xc7a35t_0]
INFO: [Labtools 27-3164] End of startup status: HIGH
refresh_hw_device [lindex [get_hw_devices xc7a35t_0] 0]
INFO: [Labtools 27-1434] Device xc7a35t (JTAG device index = 0) is programmed with a design that has no supported debug core(s) in it.
close_hw_manager
close [ open C:/Users/John/Documents/GitHub/Simon/Simon.srcs/sources_1/new/testfile.v w ]
add_files C:/Users/John/Documents/GitHub/Simon/Simon.srcs/sources_1/new/testfile.v
update_compile_order -fileset sources_1
exit
INFO: [Common 17-206] Exiting Vivado at Sun Dec  6 18:14:41 2020...
