Copyright 1986-2020 Xilinx, Inc. All Rights Reserved.
----------------------------------------------------------------------------------------
| Tool Version : Vivado v.2020.1 (win64) Build 2902540 Wed May 27 19:54:49 MDT 2020
| Date         : Mon Dec  7 20:30:41 2020
| Host         : LAPTOP-CD0JQ47T running 64-bit major release  (build 9200)
| Command      : report_control_sets -verbose -file bcdDisplay4_control_sets_placed.rpt
| Design       : bcdDisplay4
| Device       : xc7a35t
----------------------------------------------------------------------------------------

Control Set Information

Table of Contents
-----------------
1. Summary
2. Histogram
3. Flip-Flop Distribution
4. Detailed Control Set Information

1. Summary
----------

+----------------------------------------------------------+-------+
|                          Status                          | Count |
+----------------------------------------------------------+-------+
| Total control sets                                       |     7 |
|    Minimum number of control sets                        |     7 |
|    Addition due to synthesis replication                 |     0 |
|    Addition due to physical synthesis replication        |     0 |
| Unused register locations in slices containing registers |    39 |
+----------------------------------------------------------+-------+
* Control sets can be merged at opt_design using control_set_merge or merge_equivalent_drivers
** Run report_qor_suggestions for automated merging and remapping suggestions


2. Histogram
------------

+--------------------+-------+
|       Fanout       | Count |
+--------------------+-------+
| Total control sets |     7 |
| >= 0 to < 4        |     4 |
| >= 4 to < 6        |     0 |
| >= 6 to < 8        |     0 |
| >= 8 to < 10       |     0 |
| >= 10 to < 12      |     0 |
| >= 12 to < 14      |     1 |
| >= 14 to < 16      |     0 |
| >= 16              |     2 |
+--------------------+-------+
* Control sets can be remapped at either synth_design or opt_design


3. Flip-Flop Distribution
-------------------------

+--------------+-----------------------+------------------------+-----------------+--------------+
| Clock Enable | Synchronous Set/Reset | Asynchronous Set/Reset | Total Registers | Total Slices |
+--------------+-----------------------+------------------------+-----------------+--------------+
| No           | No                    | No                     |              38 |           13 |
| No           | No                    | Yes                    |               0 |            0 |
| No           | Yes                   | No                     |              21 |            6 |
| Yes          | No                    | No                     |               2 |            2 |
| Yes          | No                    | Yes                    |               0 |            0 |
| Yes          | Yes                   | No                     |              12 |            3 |
+--------------+-----------------------+------------------------+-----------------+--------------+


4. Detailed Control Set Information
-----------------------------------

+--------------------+--------------------+----------------------------+------------------+----------------+--------------+
|    Clock Signal    |    Enable Signal   |      Set/Reset Signal      | Slice Load Count | Bel Load Count | Bels / Slice |
+--------------------+--------------------+----------------------------+------------------+----------------+--------------+
|  Submit/deb_submit |                    |                            |                1 |              1 |         1.00 |
|  clk_IBUF_BUFG     | Submit/clear       |                            |                1 |              1 |         1.00 |
|  clk_IBUF_BUFG     | Submit/stable0_out |                            |                1 |              1 |         1.00 |
|  L3/clk_out_reg_0  |                    |                            |                1 |              2 |         2.00 |
|  clk_IBUF_BUFG     | Submit/count       | Submit/clear               |                3 |             12 |         4.00 |
|  clk_IBUF_BUFG     |                    | L3/period_count[0]_i_1_n_0 |                6 |             21 |         3.50 |
|  clk_IBUF_BUFG     |                    |                            |               11 |             35 |         3.18 |
+--------------------+--------------------+----------------------------+------------------+----------------+--------------+


